2025-06-30T23:32:26.239+05:30  INFO 10164 --- [28-MINI-PROJECT_2-USER_MANAGEMENT] [restartedMain] com.darshan.Application                  : Starting Application using Java 17.0.12 with PID 10164 (C:\Users\hp\Documents\workspace-spring-tool-suite-4-4.27.0.RELEASE\28-MINI-PROJECT_2-USER_MANAGEMENT\target\classes started by hp in C:\Users\hp\Documents\workspace-spring-tool-suite-4-4.27.0.RELEASE\28-MINI-PROJECT_2-USER_MANAGEMENT)
2025-06-30T23:32:26.244+05:30  INFO 10164 --- [28-MINI-PROJECT_2-USER_MANAGEMENT] [restartedMain] com.darshan.Application                  : No active profile set, falling back to 1 default profile: "default"
2025-06-30T23:32:26.407+05:30  INFO 10164 --- [28-MINI-PROJECT_2-USER_MANAGEMENT] [restartedMain] .e.DevToolsPropertyDefaultsPostProcessor : Devtools property defaults active! Set 'spring.devtools.add-properties' to 'false' to disable
2025-06-30T23:32:26.407+05:30  INFO 10164 --- [28-MINI-PROJECT_2-USER_MANAGEMENT] [restartedMain] .e.DevToolsPropertyDefaultsPostProcessor : For additional web related logging consider setting the 'logging.level.web' property to 'DEBUG'
2025-06-30T23:32:27.611+05:30  INFO 10164 --- [28-MINI-PROJECT_2-USER_MANAGEMENT] [restartedMain] .s.d.r.c.RepositoryConfigurationDelegate : Bootstrapping Spring Data JPA repositories in DEFAULT mode.
2025-06-30T23:32:27.735+05:30  INFO 10164 --- [28-MINI-PROJECT_2-USER_MANAGEMENT] [restartedMain] .s.d.r.c.RepositoryConfigurationDelegate : Finished Spring Data repository scanning in 104 ms. Found 4 JPA repository interfaces.
2025-06-30T23:32:28.767+05:30  INFO 10164 --- [28-MINI-PROJECT_2-USER_MANAGEMENT] [restartedMain] o.s.b.w.embedded.tomcat.TomcatWebServer  : Tomcat initialized with port 8080 (http)
2025-06-30T23:32:28.792+05:30  INFO 10164 --- [28-MINI-PROJECT_2-USER_MANAGEMENT] [restartedMain] o.apache.catalina.core.StandardService   : Starting service [Tomcat]
2025-06-30T23:32:28.792+05:30  INFO 10164 --- [28-MINI-PROJECT_2-USER_MANAGEMENT] [restartedMain] o.apache.catalina.core.StandardEngine    : Starting Servlet engine: [Apache Tomcat/10.1.42]
2025-06-30T23:32:28.861+05:30  INFO 10164 --- [28-MINI-PROJECT_2-USER_MANAGEMENT] [restartedMain] o.a.c.c.C.[Tomcat].[localhost].[/]       : Initializing Spring embedded WebApplicationContext
2025-06-30T23:32:28.861+05:30  INFO 10164 --- [28-MINI-PROJECT_2-USER_MANAGEMENT] [restartedMain] w.s.c.ServletWebServerApplicationContext : Root WebApplicationContext: initialization completed in 2454 ms
2025-06-30T23:32:29.027+05:30  INFO 10164 --- [28-MINI-PROJECT_2-USER_MANAGEMENT] [restartedMain] com.zaxxer.hikari.HikariDataSource       : HikariPool-1 - Starting...
2025-06-30T23:32:29.592+05:30  INFO 10164 --- [28-MINI-PROJECT_2-USER_MANAGEMENT] [restartedMain] com.zaxxer.hikari.pool.HikariPool        : HikariPool-1 - Added connection com.mysql.cj.jdbc.ConnectionImpl@5df50fca
2025-06-30T23:32:29.592+05:30  INFO 10164 --- [28-MINI-PROJECT_2-USER_MANAGEMENT] [restartedMain] com.zaxxer.hikari.HikariDataSource       : HikariPool-1 - Start completed.
2025-06-30T23:32:29.737+05:30  INFO 10164 --- [28-MINI-PROJECT_2-USER_MANAGEMENT] [restartedMain] o.hibernate.jpa.internal.util.LogHelper  : HHH000204: Processing PersistenceUnitInfo [name: default]
2025-06-30T23:32:29.872+05:30  INFO 10164 --- [28-MINI-PROJECT_2-USER_MANAGEMENT] [restartedMain] org.hibernate.Version                    : HHH000412: Hibernate ORM core version 6.6.18.Final
2025-06-30T23:32:29.942+05:30  INFO 10164 --- [28-MINI-PROJECT_2-USER_MANAGEMENT] [restartedMain] o.h.c.internal.RegionFactoryInitiator    : HHH000026: Second-level cache disabled
2025-06-30T23:32:30.482+05:30  INFO 10164 --- [28-MINI-PROJECT_2-USER_MANAGEMENT] [restartedMain] o.s.o.j.p.SpringPersistenceUnitInfo      : No LoadTimeWeaver setup: ignoring JPA class transformer
2025-06-30T23:32:30.682+05:30  INFO 10164 --- [28-MINI-PROJECT_2-USER_MANAGEMENT] [restartedMain] org.hibernate.orm.connections.pooling    : HHH10001005: Database info:
	Database JDBC URL [Connecting through datasource 'HikariDataSource (HikariPool-1)']
	Database driver: undefined/unknown
	Database version: 8.0.41
	Autocommit mode: undefined/unknown
	Isolation level: undefined/unknown
	Minimum pool size: undefined/unknown
	Maximum pool size: undefined/unknown
2025-06-30T23:32:31.926+05:30  INFO 10164 --- [28-MINI-PROJECT_2-USER_MANAGEMENT] [restartedMain] o.h.e.t.j.p.i.JtaPlatformInitiator       : HHH000489: No JTA platform available (set 'hibernate.transaction.jta.platform' to enable JTA platform integration)
2025-06-30T23:32:32.105+05:30  INFO 10164 --- [28-MINI-PROJECT_2-USER_MANAGEMENT] [restartedMain] j.LocalContainerEntityManagerFactoryBean : Initialized JPA EntityManagerFactory for persistence unit 'default'
2025-06-30T23:32:32.742+05:30  WARN 10164 --- [28-MINI-PROJECT_2-USER_MANAGEMENT] [restartedMain] JpaBaseConfiguration$JpaWebConfiguration : spring.jpa.open-in-view is enabled by default. Therefore, database queries may be performed during view rendering. Explicitly configure spring.jpa.open-in-view to disable this warning
2025-06-30T23:32:33.320+05:30  INFO 10164 --- [28-MINI-PROJECT_2-USER_MANAGEMENT] [restartedMain] o.s.b.d.a.OptionalLiveReloadServer       : LiveReload server is running on port 35729
2025-06-30T23:32:33.370+05:30  INFO 10164 --- [28-MINI-PROJECT_2-USER_MANAGEMENT] [restartedMain] o.s.b.w.embedded.tomcat.TomcatWebServer  : Tomcat started on port 8080 (http) with context path '/'
2025-06-30T23:32:33.380+05:30  INFO 10164 --- [28-MINI-PROJECT_2-USER_MANAGEMENT] [restartedMain] com.darshan.Application                  : Started Application in 8.072 seconds (process running for 8.863)
2025-06-30T23:40:19.968+05:30  INFO 10164 --- [28-MINI-PROJECT_2-USER_MANAGEMENT] [SpringApplicationShutdownHook] o.s.b.w.e.tomcat.GracefulShutdown        : Commencing graceful shutdown. Waiting for active requests to complete
2025-06-30T23:40:20.199+05:30  INFO 10164 --- [28-MINI-PROJECT_2-USER_MANAGEMENT] [tomcat-shutdown] o.s.b.w.e.tomcat.GracefulShutdown        : Graceful shutdown complete
2025-06-30T23:40:20.204+05:30  INFO 10164 --- [28-MINI-PROJECT_2-USER_MANAGEMENT] [SpringApplicationShutdownHook] j.LocalContainerEntityManagerFactoryBean : Closing JPA EntityManagerFactory for persistence unit 'default'
2025-06-30T23:40:20.209+05:30  INFO 10164 --- [28-MINI-PROJECT_2-USER_MANAGEMENT] [SpringApplicationShutdownHook] com.zaxxer.hikari.HikariDataSource       : HikariPool-1 - Shutdown initiated...
2025-06-30T23:40:20.219+05:30  INFO 10164 --- [28-MINI-PROJECT_2-USER_MANAGEMENT] [SpringApplicationShutdownHook] com.zaxxer.hikari.HikariDataSource       : HikariPool-1 - Shutdown completed.
2025-06-30T23:40:24.457+05:30  INFO 22144 --- [28-MINI-PROJECT_2-USER_MANAGEMENT] [restartedMain] com.darshan.Application                  : Starting Application using Java 17.0.12 with PID 22144 (C:\Users\hp\Documents\workspace-spring-tool-suite-4-4.27.0.RELEASE\28-MINI-PROJECT_2-USER_MANAGEMENT\target\classes started by hp in C:\Users\hp\Documents\workspace-spring-tool-suite-4-4.27.0.RELEASE\28-MINI-PROJECT_2-USER_MANAGEMENT)
2025-06-30T23:40:24.482+05:30  INFO 22144 --- [28-MINI-PROJECT_2-USER_MANAGEMENT] [restartedMain] com.darshan.Application                  : No active profile set, falling back to 1 default profile: "default"
2025-06-30T23:40:24.687+05:30  INFO 22144 --- [28-MINI-PROJECT_2-USER_MANAGEMENT] [restartedMain] .e.DevToolsPropertyDefaultsPostProcessor : Devtools property defaults active! Set 'spring.devtools.add-properties' to 'false' to disable
2025-06-30T23:40:24.687+05:30  INFO 22144 --- [28-MINI-PROJECT_2-USER_MANAGEMENT] [restartedMain] .e.DevToolsPropertyDefaultsPostProcessor : For additional web related logging consider setting the 'logging.level.web' property to 'DEBUG'
2025-06-30T23:40:26.424+05:30  INFO 22144 --- [28-MINI-PROJECT_2-USER_MANAGEMENT] [restartedMain] .s.d.r.c.RepositoryConfigurationDelegate : Bootstrapping Spring Data JPA repositories in DEFAULT mode.
2025-06-30T23:40:26.629+05:30  INFO 22144 --- [28-MINI-PROJECT_2-USER_MANAGEMENT] [restartedMain] .s.d.r.c.RepositoryConfigurationDelegate : Finished Spring Data repository scanning in 169 ms. Found 4 JPA repository interfaces.
2025-06-30T23:40:27.692+05:30  INFO 22144 --- [28-MINI-PROJECT_2-USER_MANAGEMENT] [restartedMain] o.s.b.w.embedded.tomcat.TomcatWebServer  : Tomcat initialized with port 8080 (http)
2025-06-30T23:40:27.732+05:30  INFO 22144 --- [28-MINI-PROJECT_2-USER_MANAGEMENT] [restartedMain] o.apache.catalina.core.StandardService   : Starting service [Tomcat]
2025-06-30T23:40:27.732+05:30  INFO 22144 --- [28-MINI-PROJECT_2-USER_MANAGEMENT] [restartedMain] o.apache.catalina.core.StandardEngine    : Starting Servlet engine: [Apache Tomcat/10.1.42]
2025-06-30T23:40:27.822+05:30  INFO 22144 --- [28-MINI-PROJECT_2-USER_MANAGEMENT] [restartedMain] o.a.c.c.C.[Tomcat].[localhost].[/]       : Initializing Spring embedded WebApplicationContext
2025-06-30T23:40:27.822+05:30  INFO 22144 --- [28-MINI-PROJECT_2-USER_MANAGEMENT] [restartedMain] w.s.c.ServletWebServerApplicationContext : Root WebApplicationContext: initialization completed in 3135 ms
2025-06-30T23:40:27.977+05:30  INFO 22144 --- [28-MINI-PROJECT_2-USER_MANAGEMENT] [restartedMain] com.zaxxer.hikari.HikariDataSource       : HikariPool-1 - Starting...
2025-06-30T23:40:28.477+05:30  INFO 22144 --- [28-MINI-PROJECT_2-USER_MANAGEMENT] [restartedMain] com.zaxxer.hikari.pool.HikariPool        : HikariPool-1 - Added connection com.mysql.cj.jdbc.ConnectionImpl@46de99d5
2025-06-30T23:40:28.477+05:30  INFO 22144 --- [28-MINI-PROJECT_2-USER_MANAGEMENT] [restartedMain] com.zaxxer.hikari.HikariDataSource       : HikariPool-1 - Start completed.
2025-06-30T23:40:28.642+05:30  INFO 22144 --- [28-MINI-PROJECT_2-USER_MANAGEMENT] [restartedMain] o.hibernate.jpa.internal.util.LogHelper  : HHH000204: Processing PersistenceUnitInfo [name: default]
2025-06-30T23:40:28.812+05:30  INFO 22144 --- [28-MINI-PROJECT_2-USER_MANAGEMENT] [restartedMain] org.hibernate.Version                    : HHH000412: Hibernate ORM core version 6.6.18.Final
2025-06-30T23:40:28.887+05:30  INFO 22144 --- [28-MINI-PROJECT_2-USER_MANAGEMENT] [restartedMain] o.h.c.internal.RegionFactoryInitiator    : HHH000026: Second-level cache disabled
2025-06-30T23:40:29.361+05:30  INFO 22144 --- [28-MINI-PROJECT_2-USER_MANAGEMENT] [restartedMain] o.s.o.j.p.SpringPersistenceUnitInfo      : No LoadTimeWeaver setup: ignoring JPA class transformer
2025-06-30T23:40:29.556+05:30  INFO 22144 --- [28-MINI-PROJECT_2-USER_MANAGEMENT] [restartedMain] org.hibernate.orm.connections.pooling    : HHH10001005: Database info:
	Database JDBC URL [Connecting through datasource 'HikariDataSource (HikariPool-1)']
	Database driver: undefined/unknown
	Database version: 8.0.41
	Autocommit mode: undefined/unknown
	Isolation level: undefined/unknown
	Minimum pool size: undefined/unknown
	Maximum pool size: undefined/unknown
2025-06-30T23:40:30.654+05:30  INFO 22144 --- [28-MINI-PROJECT_2-USER_MANAGEMENT] [restartedMain] o.h.e.t.j.p.i.JtaPlatformInitiator       : HHH000489: No JTA platform available (set 'hibernate.transaction.jta.platform' to enable JTA platform integration)
2025-06-30T23:40:30.800+05:30  INFO 22144 --- [28-MINI-PROJECT_2-USER_MANAGEMENT] [restartedMain] j.LocalContainerEntityManagerFactoryBean : Initialized JPA EntityManagerFactory for persistence unit 'default'
2025-06-30T23:40:31.374+05:30  WARN 22144 --- [28-MINI-PROJECT_2-USER_MANAGEMENT] [restartedMain] JpaBaseConfiguration$JpaWebConfiguration : spring.jpa.open-in-view is enabled by default. Therefore, database queries may be performed during view rendering. Explicitly configure spring.jpa.open-in-view to disable this warning
2025-06-30T23:40:31.948+05:30  INFO 22144 --- [28-MINI-PROJECT_2-USER_MANAGEMENT] [restartedMain] o.s.b.d.a.OptionalLiveReloadServer       : LiveReload server is running on port 35729
2025-06-30T23:40:31.992+05:30  INFO 22144 --- [28-MINI-PROJECT_2-USER_MANAGEMENT] [restartedMain] o.s.b.w.embedded.tomcat.TomcatWebServer  : Tomcat started on port 8080 (http) with context path '/'
2025-06-30T23:40:32.007+05:30  INFO 22144 --- [28-MINI-PROJECT_2-USER_MANAGEMENT] [restartedMain] com.darshan.Application                  : Started Application in 8.875 seconds (process running for 10.494)
2025-06-30T23:43:34.208+05:30  INFO 22144 --- [28-MINI-PROJECT_2-USER_MANAGEMENT] [SpringApplicationShutdownHook] o.s.b.w.e.tomcat.GracefulShutdown        : Commencing graceful shutdown. Waiting for active requests to complete
2025-06-30T23:43:34.372+05:30  INFO 22144 --- [28-MINI-PROJECT_2-USER_MANAGEMENT] [tomcat-shutdown] o.s.b.w.e.tomcat.GracefulShutdown        : Graceful shutdown complete
2025-06-30T23:43:34.377+05:30  INFO 22144 --- [28-MINI-PROJECT_2-USER_MANAGEMENT] [SpringApplicationShutdownHook] j.LocalContainerEntityManagerFactoryBean : Closing JPA EntityManagerFactory for persistence unit 'default'
2025-06-30T23:43:34.382+05:30  INFO 22144 --- [28-MINI-PROJECT_2-USER_MANAGEMENT] [SpringApplicationShutdownHook] com.zaxxer.hikari.HikariDataSource       : HikariPool-1 - Shutdown initiated...
2025-06-30T23:43:34.392+05:30  INFO 22144 --- [28-MINI-PROJECT_2-USER_MANAGEMENT] [SpringApplicationShutdownHook] com.zaxxer.hikari.HikariDataSource       : HikariPool-1 - Shutdown completed.
2025-06-30T23:43:39.707+05:30  INFO 23580 --- [28-MINI-PROJECT_2-USER_MANAGEMENT] [restartedMain] com.darshan.Application                  : Starting Application using Java 17.0.12 with PID 23580 (C:\Users\hp\Documents\workspace-spring-tool-suite-4-4.27.0.RELEASE\28-MINI-PROJECT_2-USER_MANAGEMENT\target\classes started by hp in C:\Users\hp\Documents\workspace-spring-tool-suite-4-4.27.0.RELEASE\28-MINI-PROJECT_2-USER_MANAGEMENT)
2025-06-30T23:43:39.716+05:30  INFO 23580 --- [28-MINI-PROJECT_2-USER_MANAGEMENT] [restartedMain] com.darshan.Application                  : No active profile set, falling back to 1 default profile: "default"
2025-06-30T23:43:39.883+05:30  INFO 23580 --- [28-MINI-PROJECT_2-USER_MANAGEMENT] [restartedMain] .e.DevToolsPropertyDefaultsPostProcessor : Devtools property defaults active! Set 'spring.devtools.add-properties' to 'false' to disable
2025-06-30T23:43:39.883+05:30  INFO 23580 --- [28-MINI-PROJECT_2-USER_MANAGEMENT] [restartedMain] .e.DevToolsPropertyDefaultsPostProcessor : For additional web related logging consider setting the 'logging.level.web' property to 'DEBUG'
2025-06-30T23:43:41.072+05:30  INFO 23580 --- [28-MINI-PROJECT_2-USER_MANAGEMENT] [restartedMain] .s.d.r.c.RepositoryConfigurationDelegate : Bootstrapping Spring Data JPA repositories in DEFAULT mode.
2025-06-30T23:43:41.177+05:30  INFO 23580 --- [28-MINI-PROJECT_2-USER_MANAGEMENT] [restartedMain] .s.d.r.c.RepositoryConfigurationDelegate : Finished Spring Data repository scanning in 92 ms. Found 4 JPA repository interfaces.
2025-06-30T23:43:42.180+05:30  INFO 23580 --- [28-MINI-PROJECT_2-USER_MANAGEMENT] [restartedMain] o.s.b.w.embedded.tomcat.TomcatWebServer  : Tomcat initialized with port 8080 (http)
2025-06-30T23:43:42.200+05:30  INFO 23580 --- [28-MINI-PROJECT_2-USER_MANAGEMENT] [restartedMain] o.apache.catalina.core.StandardService   : Starting service [Tomcat]
2025-06-30T23:43:42.200+05:30  INFO 23580 --- [28-MINI-PROJECT_2-USER_MANAGEMENT] [restartedMain] o.apache.catalina.core.StandardEngine    : Starting Servlet engine: [Apache Tomcat/10.1.42]
2025-06-30T23:43:42.267+05:30  INFO 23580 --- [28-MINI-PROJECT_2-USER_MANAGEMENT] [restartedMain] o.a.c.c.C.[Tomcat].[localhost].[/]       : Initializing Spring embedded WebApplicationContext
2025-06-30T23:43:42.267+05:30  INFO 23580 --- [28-MINI-PROJECT_2-USER_MANAGEMENT] [restartedMain] w.s.c.ServletWebServerApplicationContext : Root WebApplicationContext: initialization completed in 2384 ms
2025-06-30T23:43:42.428+05:30  INFO 23580 --- [28-MINI-PROJECT_2-USER_MANAGEMENT] [restartedMain] com.zaxxer.hikari.HikariDataSource       : HikariPool-1 - Starting...
2025-06-30T23:43:43.136+05:30  INFO 23580 --- [28-MINI-PROJECT_2-USER_MANAGEMENT] [restartedMain] com.zaxxer.hikari.pool.HikariPool        : HikariPool-1 - Added connection com.mysql.cj.jdbc.ConnectionImpl@1f5aa048
2025-06-30T23:43:43.140+05:30  INFO 23580 --- [28-MINI-PROJECT_2-USER_MANAGEMENT] [restartedMain] com.zaxxer.hikari.HikariDataSource       : HikariPool-1 - Start completed.
2025-06-30T23:43:43.288+05:30  INFO 23580 --- [28-MINI-PROJECT_2-USER_MANAGEMENT] [restartedMain] o.hibernate.jpa.internal.util.LogHelper  : HHH000204: Processing PersistenceUnitInfo [name: default]
2025-06-30T23:43:43.378+05:30  INFO 23580 --- [28-MINI-PROJECT_2-USER_MANAGEMENT] [restartedMain] org.hibernate.Version                    : HHH000412: Hibernate ORM core version 6.6.18.Final
2025-06-30T23:43:43.441+05:30  INFO 23580 --- [28-MINI-PROJECT_2-USER_MANAGEMENT] [restartedMain] o.h.c.internal.RegionFactoryInitiator    : HHH000026: Second-level cache disabled
2025-06-30T23:43:44.132+05:30  INFO 23580 --- [28-MINI-PROJECT_2-USER_MANAGEMENT] [restartedMain] o.s.o.j.p.SpringPersistenceUnitInfo      : No LoadTimeWeaver setup: ignoring JPA class transformer
2025-06-30T23:43:44.504+05:30  INFO 23580 --- [28-MINI-PROJECT_2-USER_MANAGEMENT] [restartedMain] org.hibernate.orm.connections.pooling    : HHH10001005: Database info:
	Database JDBC URL [Connecting through datasource 'HikariDataSource (HikariPool-1)']
	Database driver: undefined/unknown
	Database version: 8.0.41
	Autocommit mode: undefined/unknown
	Isolation level: undefined/unknown
	Minimum pool size: undefined/unknown
	Maximum pool size: undefined/unknown
2025-06-30T23:43:46.046+05:30  INFO 23580 --- [28-MINI-PROJECT_2-USER_MANAGEMENT] [restartedMain] o.h.e.t.j.p.i.JtaPlatformInitiator       : HHH000489: No JTA platform available (set 'hibernate.transaction.jta.platform' to enable JTA platform integration)
2025-06-30T23:43:46.188+05:30  INFO 23580 --- [28-MINI-PROJECT_2-USER_MANAGEMENT] [restartedMain] j.LocalContainerEntityManagerFactoryBean : Initialized JPA EntityManagerFactory for persistence unit 'default'
2025-06-30T23:43:47.238+05:30  WARN 23580 --- [28-MINI-PROJECT_2-USER_MANAGEMENT] [restartedMain] JpaBaseConfiguration$JpaWebConfiguration : spring.jpa.open-in-view is enabled by default. Therefore, database queries may be performed during view rendering. Explicitly configure spring.jpa.open-in-view to disable this warning
2025-06-30T23:43:47.963+05:30  INFO 23580 --- [28-MINI-PROJECT_2-USER_MANAGEMENT] [restartedMain] o.s.b.d.a.OptionalLiveReloadServer       : LiveReload server is running on port 35729
2025-06-30T23:43:48.120+05:30  INFO 23580 --- [28-MINI-PROJECT_2-USER_MANAGEMENT] [restartedMain] o.s.b.w.embedded.tomcat.TomcatWebServer  : Tomcat started on port 8080 (http) with context path '/'
2025-06-30T23:43:48.225+05:30  INFO 23580 --- [28-MINI-PROJECT_2-USER_MANAGEMENT] [restartedMain] com.darshan.Application                  : Started Application in 9.483 seconds (process running for 10.297)
2025-06-30T23:43:51.794+05:30  INFO 23580 --- [28-MINI-PROJECT_2-USER_MANAGEMENT] [http-nio-8080-exec-1] o.a.c.c.C.[Tomcat].[localhost].[/]       : Initializing Spring DispatcherServlet 'dispatcherServlet'
2025-06-30T23:43:51.794+05:30  INFO 23580 --- [28-MINI-PROJECT_2-USER_MANAGEMENT] [http-nio-8080-exec-1] o.s.web.servlet.DispatcherServlet        : Initializing Servlet 'dispatcherServlet'
2025-06-30T23:43:51.794+05:30  INFO 23580 --- [28-MINI-PROJECT_2-USER_MANAGEMENT] [http-nio-8080-exec-1] o.s.web.servlet.DispatcherServlet        : Completed initialization in 0 ms
2025-06-30T23:43:55.315+05:30  INFO 23580 --- [28-MINI-PROJECT_2-USER_MANAGEMENT] [http-nio-8080-exec-4] com.darshan.controller.UserController    : ********register() started********
2025-06-30T23:43:55.501+05:30  INFO 23580 --- [28-MINI-PROJECT_2-USER_MANAGEMENT] [http-nio-8080-exec-4] com.darshan.controller.UserController    : ********register() completed********
